# JRE version: OpenJDK Runtime Environment (17.0.6) (build 17.0.6+0-b2043.56-9586694)
# Java VM: OpenJDK 64-Bit Server VM (17.0.6+0-b2043.56-9586694, mixed mode, tiered, compressed oops, compressed class ptrs, g1 gc, windows-amd64)
GC Precious Log:
 CPUs: 8 total, 8 available
 Memory: 16122M
 Large Page Support: Disabled
 NUMA Support: Disabled
 Compressed Oops: Enabled (32-bit)
 Heap Region Size: 1M
 Heap Min Capacity: 8M
 Heap Initial Capacity: 252M
 Heap Max Capacity: 1G
 Pre-touch: Disabled
 Parallel Workers: 8
 Concurrent Workers: 2
 Concurrent Refinement Workers: 8
 Periodic GC: Disabled
Heap:
 garbage-first heap   total 434176K, used 288604K [0x00000000c0000000, 0x0000000100000000)
  region size 1024K, 101 young (103424K), 7 survivors (7168K)
 Metaspace       used 121213K, committed 122176K, reserved 1155072K
  class space    used 16063K, committed 16512K, reserved 1048576K
GC Heap History (20 events):
Event: 502.692 GC heap before
{Heap before GC invocations=90 (full 0):
 garbage-first heap   total 434176K, used 172511K [0x00000000c0000000, 0x0000000100000000)
  region size 1024K, 33 young (33792K), 2 survivors (2048K)
 Metaspace       used 94279K, committed 95040K, reserved 1138688K
  class space    used 12596K, committed 12928K, reserved 1048576K
}
Event: 502.696 GC heap after
{Heap after GC invocations=91 (full 0):
 garbage-first heap   total 434176K, used 144078K [0x00000000c0000000, 0x0000000100000000)
  region size 1024K, 5 young (5120K), 5 survivors (5120K)
 Metaspace       used 94279K, committed 95040K, reserved 1138688K
  class space    used 12596K, committed 12928K, reserved 1048576K
}
Event: 939.881 GC heap before
{Heap before GC invocations=92 (full 0):
 garbage-first heap   total 434176K, used 340686K [0x00000000c0000000, 0x0000000100000000)
  region size 1024K, 168 young (172032K), 5 survivors (5120K)
 Metaspace       used 105092K, committed 105856K, reserved 1146880K
  class space    used 14048K, committed 14400K, reserved 1048576K
}
Event: 939.889 GC heap after
{Heap after GC invocations=93 (full 0):
 garbage-first heap   total 434176K, used 184266K [0x00000000c0000000, 0x0000000100000000)
  region size 1024K, 15 young (15360K), 15 survivors (15360K)
 Metaspace       used 105092K, committed 105856K, reserved 1146880K
  class space    used 14048K, committed 14400K, reserved 1048576K
}
Event: 940.007 GC heap before
{Heap before GC invocations=93 (full 0):
 garbage-first heap   total 434176K, used 190410K [0x00000000c0000000, 0x0000000100000000)
  region size 1024K, 21 young (21504K), 15 survivors (15360K)
 Metaspace       used 105949K, committed 106880K, reserved 1146880K
  class space    used 14151K, committed 14592K, reserved 1048576K
}
Event: 940.014 GC heap after
{Heap after GC invocations=94 (full 0):
 garbage-first heap   total 434176K, used 183868K [0x00000000c0000000, 0x0000000100000000)
  region size 1024K, 2 young (2048K), 2 survivors (2048K)
 Metaspace       used 105949K, committed 106880K, reserved 1146880K
  class space    used 14151K, committed 14592K, reserved 1048576K
}
Event: 940.630 GC heap before
{Heap before GC invocations=94 (full 0):
 garbage-first heap   total 434176K, used 217660K [0x00000000c0000000, 0x0000000100000000)
  region size 1024K, 37 young (37888K), 2 survivors (2048K)
 Metaspace       used 111328K, committed 112192K, reserved 1146880K
  class space    used 14998K, committed 15424K, reserved 1048576K
}
Event: 940.633 GC heap after
{Heap after GC invocations=95 (full 0):
 garbage-first heap   total 434176K, used 184685K [0x00000000c0000000, 0x0000000100000000)
  region size 1024K, 3 young (3072K), 3 survivors (3072K)
 Metaspace       used 111328K, committed 112192K, reserved 1146880K
  class space    used 14998K, committed 15424K, reserved 1048576K
}
Event: 941.302 GC heap before
{Heap before GC invocations=96 (full 0):
 garbage-first heap   total 434176K, used 344429K [0x00000000c0000000, 0x0000000100000000)
  region size 1024K, 155 young (158720K), 3 survivors (3072K)
 Metaspace       used 111359K, committed 112320K, reserved 1146880K
  class space    used 14952K, committed 15424K, reserved 1048576K
}
Event: 941.307 GC heap after
{Heap after GC invocations=97 (full 0):
 garbage-first heap   total 434176K, used 189480K [0x00000000c0000000, 0x0000000100000000)
  region size 1024K, 6 young (6144K), 6 survivors (6144K)
 Metaspace       used 111359K, committed 112320K, reserved 1146880K
  class space    used 14952K, committed 15424K, reserved 1048576K
}
Event: 941.388 GC heap before
{Heap before GC invocations=97 (full 0):
 garbage-first heap   total 434176K, used 204840K [0x00000000c0000000, 0x0000000100000000)
  region size 1024K, 21 young (21504K), 6 survivors (6144K)
 Metaspace       used 111452K, committed 112384K, reserved 1146880K
  class space    used 14952K, committed 15424K, reserved 1048576K
}
Event: 941.392 GC heap after
{Heap after GC invocations=98 (full 0):
 garbage-first heap   total 434176K, used 187580K [0x00000000c0000000, 0x0000000100000000)
  region size 1024K, 1 young (1024K), 1 survivors (1024K)
 Metaspace       used 111452K, committed 112384K, reserved 1146880K
  class space    used 14952K, committed 15424K, reserved 1048576K
}
Event: 942.063 GC heap before
{Heap before GC invocations=98 (full 0):
 garbage-first heap   total 434176K, used 347324K [0x00000000c0000000, 0x0000000100000000)
  region size 1024K, 157 young (160768K), 1 survivors (1024K)
 Metaspace       used 111475K, committed 112384K, reserved 1146880K
  class space    used 14954K, committed 15424K, reserved 1048576K
}
Event: 942.065 GC heap after
{Heap after GC invocations=99 (full 0):
 garbage-first heap   total 434176K, used 187671K [0x00000000c0000000, 0x0000000100000000)
  region size 1024K, 1 young (1024K), 1 survivors (1024K)
 Metaspace       used 111475K, committed 112384K, reserved 1146880K
  class space    used 14954K, committed 15424K, reserved 1048576K
}
Event: 945.134 GC heap before
{Heap before GC invocations=100 (full 0):
 garbage-first heap   total 434176K, used 351511K [0x00000000c0000000, 0x0000000100000000)
  region size 1024K, 162 young (165888K), 1 survivors (1024K)
 Metaspace       used 117009K, committed 117760K, reserved 1155072K
  class space    used 15564K, committed 15936K, reserved 1048576K
}
Event: 945.140 GC heap after
{Heap after GC invocations=101 (full 0):
 garbage-first heap   total 434176K, used 190815K [0x00000000c0000000, 0x0000000100000000)
  region size 1024K, 6 young (6144K), 6 survivors (6144K)
 Metaspace       used 117009K, committed 117760K, reserved 1155072K
  class space    used 15564K, committed 15936K, reserved 1048576K
}
Event: 945.281 GC heap before
{Heap before GC invocations=101 (full 0):
 garbage-first heap   total 434176K, used 205151K [0x00000000c0000000, 0x0000000100000000)
  region size 1024K, 21 young (21504K), 6 survivors (6144K)
 Metaspace       used 117072K, committed 117888K, reserved 1155072K
  class space    used 15566K, committed 15936K, reserved 1048576K
}
Event: 945.286 GC heap after
{Heap after GC invocations=102 (full 0):
 garbage-first heap   total 434176K, used 189840K [0x00000000c0000000, 0x0000000100000000)
  region size 1024K, 1 young (1024K), 1 survivors (1024K)
 Metaspace       used 117072K, committed 117888K, reserved 1155072K
  class space    used 15566K, committed 15936K, reserved 1048576K
}
Event: 947.172 GC heap before
{Heap before GC invocations=102 (full 0):
 garbage-first heap   total 434176K, used 355728K [0x00000000c0000000, 0x0000000100000000)
  region size 1024K, 164 young (167936K), 1 survivors (1024K)
 Metaspace       used 119023K, committed 119872K, reserved 1155072K
  class space    used 15784K, committed 16192K, reserved 1048576K
}
Event: 947.177 GC heap after
{Heap after GC invocations=103 (full 0):
 garbage-first heap   total 434176K, used 195420K [0x00000000c0000000, 0x0000000100000000)
  region size 1024K, 7 young (7168K), 7 survivors (7168K)
 Metaspace       used 119023K, committed 119872K, reserved 1155072K
  class space    used 15784K, committed 16192K, reserved 1048576K
}

